<?xml version="1.0" encoding="UTF-8"?>
<!-- Generated by org.testng.reporters.JUnitReportReporter -->
<testsuite hostname="DESKTOP-DV0VD23" failures="0" tests="2" name="preview.croydon.Homepage" time="19.639" errors="0" timestamp="2020-11-16T23:01:49 IST" skipped="0">
  <testcase classname="preview.croydon.Homepage" name="basePageNavigation" time="5.773"/>
  <system-out/>
  <testcase classname="preview.croydon.Homepage" name="basePageNavigation" time="13.866"/>
  <system-out/>
</testsuite> <!-- preview.croydon.Homepage -->
