<?xml version="1.0" encoding="UTF-8"?>
<!-- Generated by org.testng.reporters.JUnitReportReporter -->
<testsuite hostname="DESKTOP-DV0VD23" failures="0" tests="1" name="preview.croydon.ValidateTitle" time="0.090" errors="0" timestamp="2020-11-16T23:01:49 IST" skipped="0">
  <testcase classname="preview.croydon.ValidateTitle" name="basePageNaavigation" time="0.090"/>
  <system-out/>
</testsuite> <!-- preview.croydon.ValidateTitle -->
